<?xml version="1.0" encoding="UTF-8" ?>
<testsuite failures="0" time="0.805" errors="0" skipped="0" tests="11" name="ro.contezi.novote.config.FacesContextUtilTest">
  <properties>
[...]
</properties>
  <testcase time="0.726" classname="ro.contezi.novote.config.FacesContextUtilTest" name="testSendExternalRedirect"/>
  <testcase time="0" classname="ro.contezi.novote.config.FacesContextUtilTest" name="testEvaluateExpression"/>
  <testcase time="0" classname="ro.contezi.novote.config.FacesContextUtilTest" name="getAppUriIsHeadOfRequestUrl"/>
  <testcase time="0.002" classname="ro.contezi.novote.config.FacesContextUtilTest" name="testSendReload"/>
  <testcase time="0.001" classname="ro.contezi.novote.config.FacesContextUtilTest" name="testInvalidateSession"/>
  <testcase time="0.001" classname="ro.contezi.novote.config.FacesContextUtilTest" name="getAppUrlIsCookieUrl"/>
  <testcase time="0" classname="ro.contezi.novote.config.FacesContextUtilTest" name="testGetFacesContext"/>
  <testcase time="0" classname="ro.contezi.novote.config.FacesContextUtilTest" name="testGetResponse"/>
  <testcase time="0.001" classname="ro.contezi.novote.config.FacesContextUtilTest" name="testGetRequest"/>
  <testcase time="0.001" classname="ro.contezi.novote.config.FacesContextUtilTest" name="sendRedirectWithoutInitialSlash"/>
  <testcase time="0.001" classname="ro.contezi.novote.config.FacesContextUtilTest" name="sendRedirectWithInitialSlash"/>
</testsuite>